<?xml version="1.0" encoding="UTF-8"?>
<!-- Generated by org.testng.reporters.JUnitXMLReporter -->
<testsuite ignored="3" hostname="Lubab" failures="0" tests="1" name="Default test" time="14.138" errors="0" timestamp="2025-06-02T15:24:55 GMT+03:00">
  <testcase classname="myTestCases" name="clickOnTwoRandomNumber" time="3.167"/>
  <testcase classname="myTestCases" name="myTest" time="0.0">
    <ignored/>
  </testcase> <!-- myTest -->
  <testcase classname="myTestCases" name="clickOnOddNumbers" time="0.0">
    <ignored/>
  </testcase> <!-- clickOnOddNumbers -->
  <testcase classname="myTestCases" name="ClickOnAllNumbersOnly" time="0.0">
    <ignored/>
  </testcase> <!-- ClickOnAllNumbersOnly -->
</testsuite> <!-- Default test -->
